[2020-10-30T13:48:24.914+08:00] [INFO] [main-1] [cn.sunwei1991.collector.Application] [] [] [] [StartupInfoLogger.java,55,org.springframework.boot.StartupInfoLogger,logStarting] [Starting Application on sunweideMacBook-Pro.local with PID 10924 (/Users/sunwei/www/java/kafka-collector/target/classes started by sunwei in /Users/sunwei/www/java/kafka-collector)] ## ''
[2020-10-30T13:48:24.926+08:00] [INFO] [main-1] [cn.sunwei1991.collector.Application] [] [] [] [SpringApplication.java,651,org.springframework.boot.SpringApplication,logStartupProfileInfo] [No active profile set, falling back to default profiles: default] ## ''
[2020-10-30T13:48:25.851+08:00] [INFO] [main-1] [org.springframework.boot.web.embedded.tomcat.TomcatWebServer] [] [] [] [TomcatWebServer.java,108,org.springframework.boot.web.embedded.tomcat.TomcatWebServer,initialize] [Tomcat initialized with port(s): 8001 (http)] ## ''
[2020-10-30T13:48:25.874+08:00] [INFO] [main-1] [org.apache.coyote.http11.Http11NioProtocol] [] [] [] [DirectJDKLog.java,173,org.apache.juli.logging.DirectJDKLog,log] [Initializing ProtocolHandler ["http-nio-8001"]] ## ''
[2020-10-30T13:48:25.875+08:00] [INFO] [main-1] [org.apache.catalina.core.StandardService] [] [] [] [DirectJDKLog.java,173,org.apache.juli.logging.DirectJDKLog,log] [Starting service [Tomcat]] ## ''
[2020-10-30T13:48:25.875+08:00] [INFO] [main-1] [org.apache.catalina.core.StandardEngine] [] [] [] [DirectJDKLog.java,173,org.apache.juli.logging.DirectJDKLog,log] [Starting Servlet engine: [Apache Tomcat/9.0.38]] ## ''
[2020-10-30T13:48:25.959+08:00] [INFO] [main-1] [org.apache.catalina.core.ContainerBase.[Tomcat].[localhost].[/]] [] [] [] [DirectJDKLog.java,173,org.apache.juli.logging.DirectJDKLog,log] [Initializing Spring embedded WebApplicationContext] ## ''
[2020-10-30T13:48:25.960+08:00] [INFO] [main-1] [org.springframework.boot.web.servlet.context.ServletWebServerApplicationContext] [] [] [] [ServletWebServerApplicationContext.java,285,org.springframework.boot.web.servlet.context.ServletWebServerApplicationContext,prepareWebApplicationContext] [Root WebApplicationContext: initialization completed in 960 ms] ## ''
[2020-10-30T13:48:26.129+08:00] [INFO] [main-1] [org.springframework.scheduling.concurrent.ThreadPoolTaskExecutor] [] [] [] [ExecutorConfigurationSupport.java,181,org.springframework.scheduling.concurrent.ExecutorConfigurationSupport,initialize] [Initializing ExecutorService 'applicationTaskExecutor'] ## ''
[2020-10-30T13:48:26.279+08:00] [INFO] [main-1] [org.apache.coyote.http11.Http11NioProtocol] [] [] [] [DirectJDKLog.java,173,org.apache.juli.logging.DirectJDKLog,log] [Starting ProtocolHandler ["http-nio-8001"]] ## ''
[2020-10-30T13:48:26.320+08:00] [INFO] [main-1] [org.springframework.boot.web.embedded.tomcat.TomcatWebServer] [] [] [] [TomcatWebServer.java,220,org.springframework.boot.web.embedded.tomcat.TomcatWebServer,start] [Tomcat started on port(s): 8001 (http) with context path ''] ## ''
[2020-10-30T13:48:26.330+08:00] [INFO] [main-1] [cn.sunwei1991.collector.Application] [] [] [] [StartupInfoLogger.java,61,org.springframework.boot.StartupInfoLogger,logStarted] [Started Application in 1.776 seconds (JVM running for 2.754)] ## ''
[2020-10-30T13:49:07.328+08:00] [INFO] [SpringContextShutdownHook-41] [org.springframework.scheduling.concurrent.ThreadPoolTaskExecutor] [] [] [] [ExecutorConfigurationSupport.java,218,org.springframework.scheduling.concurrent.ExecutorConfigurationSupport,shutdown] [Shutting down ExecutorService 'applicationTaskExecutor'] ## ''
[2020-10-30T14:05:55.083+08:00] [INFO] [main-1] [cn.sunwei1991.collector.Application] [] [] [] [StartupInfoLogger.java,55,org.springframework.boot.StartupInfoLogger,logStarting] [Starting Application on sunweideMacBook-Pro.local with PID 11027 (/Users/sunwei/www/java/kafka-collector/target/classes started by sunwei in /Users/sunwei/www/java/kafka-collector)] ## ''
[2020-10-30T14:05:55.093+08:00] [INFO] [main-1] [cn.sunwei1991.collector.Application] [] [] [] [SpringApplication.java,651,org.springframework.boot.SpringApplication,logStartupProfileInfo] [No active profile set, falling back to default profiles: default] ## ''
[2020-10-30T14:05:56.029+08:00] [INFO] [main-1] [org.springframework.boot.web.embedded.tomcat.TomcatWebServer] [] [] [] [TomcatWebServer.java,108,org.springframework.boot.web.embedded.tomcat.TomcatWebServer,initialize] [Tomcat initialized with port(s): 8001 (http)] ## ''
[2020-10-30T14:05:56.046+08:00] [INFO] [main-1] [org.apache.coyote.http11.Http11NioProtocol] [] [] [] [DirectJDKLog.java,173,org.apache.juli.logging.DirectJDKLog,log] [Initializing ProtocolHandler ["http-nio-8001"]] ## ''
[2020-10-30T14:05:56.047+08:00] [INFO] [main-1] [org.apache.catalina.core.StandardService] [] [] [] [DirectJDKLog.java,173,org.apache.juli.logging.DirectJDKLog,log] [Starting service [Tomcat]] ## ''
[2020-10-30T14:05:56.048+08:00] [INFO] [main-1] [org.apache.catalina.core.StandardEngine] [] [] [] [DirectJDKLog.java,173,org.apache.juli.logging.DirectJDKLog,log] [Starting Servlet engine: [Apache Tomcat/9.0.38]] ## ''
[2020-10-30T14:05:56.117+08:00] [INFO] [main-1] [org.apache.catalina.core.ContainerBase.[Tomcat].[localhost].[/]] [] [] [] [DirectJDKLog.java,173,org.apache.juli.logging.DirectJDKLog,log] [Initializing Spring embedded WebApplicationContext] ## ''
[2020-10-30T14:05:56.118+08:00] [INFO] [main-1] [org.springframework.boot.web.servlet.context.ServletWebServerApplicationContext] [] [] [] [ServletWebServerApplicationContext.java,285,org.springframework.boot.web.servlet.context.ServletWebServerApplicationContext,prepareWebApplicationContext] [Root WebApplicationContext: initialization completed in 884 ms] ## ''
[2020-10-30T14:05:56.282+08:00] [INFO] [main-1] [org.springframework.scheduling.concurrent.ThreadPoolTaskExecutor] [] [] [] [ExecutorConfigurationSupport.java,181,org.springframework.scheduling.concurrent.ExecutorConfigurationSupport,initialize] [Initializing ExecutorService 'applicationTaskExecutor'] ## ''
[2020-10-30T14:05:56.424+08:00] [INFO] [main-1] [org.apache.coyote.http11.Http11NioProtocol] [] [] [] [DirectJDKLog.java,173,org.apache.juli.logging.DirectJDKLog,log] [Starting ProtocolHandler ["http-nio-8001"]] ## ''
[2020-10-30T14:05:56.458+08:00] [INFO] [main-1] [org.springframework.boot.web.embedded.tomcat.TomcatWebServer] [] [] [] [TomcatWebServer.java,220,org.springframework.boot.web.embedded.tomcat.TomcatWebServer,start] [Tomcat started on port(s): 8001 (http) with context path ''] ## ''
[2020-10-30T14:05:56.469+08:00] [INFO] [main-1] [cn.sunwei1991.collector.Application] [] [] [] [StartupInfoLogger.java,61,org.springframework.boot.StartupInfoLogger,logStarted] [Started Application in 1.689 seconds (JVM running for 2.762)] ## ''
[2020-10-30T14:06:09.063+08:00] [INFO] [SpringContextShutdownHook-41] [org.springframework.scheduling.concurrent.ThreadPoolTaskExecutor] [] [] [] [ExecutorConfigurationSupport.java,218,org.springframework.scheduling.concurrent.ExecutorConfigurationSupport,shutdown] [Shutting down ExecutorService 'applicationTaskExecutor'] ## ''
[2020-10-30T14:06:12.933+08:00] [INFO] [main-1] [cn.sunwei1991.collector.Application] [] [] [] [StartupInfoLogger.java,55,org.springframework.boot.StartupInfoLogger,logStarting] [Starting Application on sunweideMacBook-Pro.local with PID 11034 (/Users/sunwei/www/java/kafka-collector/target/classes started by sunwei in /Users/sunwei/www/java/kafka-collector)] ## ''
[2020-10-30T14:06:12.940+08:00] [INFO] [main-1] [cn.sunwei1991.collector.Application] [] [] [] [SpringApplication.java,651,org.springframework.boot.SpringApplication,logStartupProfileInfo] [No active profile set, falling back to default profiles: default] ## ''
[2020-10-30T14:06:13.737+08:00] [INFO] [main-1] [org.springframework.boot.web.embedded.tomcat.TomcatWebServer] [] [] [] [TomcatWebServer.java,108,org.springframework.boot.web.embedded.tomcat.TomcatWebServer,initialize] [Tomcat initialized with port(s): 8001 (http)] ## ''
[2020-10-30T14:06:13.751+08:00] [INFO] [main-1] [org.apache.coyote.http11.Http11NioProtocol] [] [] [] [DirectJDKLog.java,173,org.apache.juli.logging.DirectJDKLog,log] [Initializing ProtocolHandler ["http-nio-8001"]] ## ''
[2020-10-30T14:06:13.752+08:00] [INFO] [main-1] [org.apache.catalina.core.StandardService] [] [] [] [DirectJDKLog.java,173,org.apache.juli.logging.DirectJDKLog,log] [Starting service [Tomcat]] ## ''
[2020-10-30T14:06:13.753+08:00] [INFO] [main-1] [org.apache.catalina.core.StandardEngine] [] [] [] [DirectJDKLog.java,173,org.apache.juli.logging.DirectJDKLog,log] [Starting Servlet engine: [Apache Tomcat/9.0.38]] ## ''
[2020-10-30T14:06:13.816+08:00] [INFO] [main-1] [org.apache.catalina.core.ContainerBase.[Tomcat].[localhost].[/]] [] [] [] [DirectJDKLog.java,173,org.apache.juli.logging.DirectJDKLog,log] [Initializing Spring embedded WebApplicationContext] ## ''
[2020-10-30T14:06:13.816+08:00] [INFO] [main-1] [org.springframework.boot.web.servlet.context.ServletWebServerApplicationContext] [] [] [] [ServletWebServerApplicationContext.java,285,org.springframework.boot.web.servlet.context.ServletWebServerApplicationContext,prepareWebApplicationContext] [Root WebApplicationContext: initialization completed in 808 ms] ## ''
[2020-10-30T14:06:13.970+08:00] [INFO] [main-1] [org.springframework.scheduling.concurrent.ThreadPoolTaskExecutor] [] [] [] [ExecutorConfigurationSupport.java,181,org.springframework.scheduling.concurrent.ExecutorConfigurationSupport,initialize] [Initializing ExecutorService 'applicationTaskExecutor'] ## ''
[2020-10-30T14:06:14.099+08:00] [INFO] [main-1] [org.apache.coyote.http11.Http11NioProtocol] [] [] [] [DirectJDKLog.java,173,org.apache.juli.logging.DirectJDKLog,log] [Starting ProtocolHandler ["http-nio-8001"]] ## ''
[2020-10-30T14:06:14.141+08:00] [INFO] [main-1] [org.springframework.boot.web.embedded.tomcat.TomcatWebServer] [] [] [] [TomcatWebServer.java,220,org.springframework.boot.web.embedded.tomcat.TomcatWebServer,start] [Tomcat started on port(s): 8001 (http) with context path ''] ## ''
[2020-10-30T14:06:14.150+08:00] [INFO] [main-1] [cn.sunwei1991.collector.Application] [] [] [] [StartupInfoLogger.java,61,org.springframework.boot.StartupInfoLogger,logStarted] [Started Application in 1.49 seconds (JVM running for 2.327)] ## ''
[2020-10-30T14:06:44.586+08:00] [INFO] [http-nio-8001-exec-1-28] [org.apache.catalina.core.ContainerBase.[Tomcat].[localhost].[/]] [] [] [] [DirectJDKLog.java,173,org.apache.juli.logging.DirectJDKLog,log] [Initializing Spring DispatcherServlet 'dispatcherServlet'] ## ''
[2020-10-30T14:06:44.586+08:00] [INFO] [http-nio-8001-exec-1-28] [org.springframework.web.servlet.DispatcherServlet] [] [] [] [FrameworkServlet.java,525,org.springframework.web.servlet.FrameworkServlet,initServletBean] [Initializing Servlet 'dispatcherServlet'] ## ''
[2020-10-30T14:06:44.592+08:00] [INFO] [http-nio-8001-exec-1-28] [org.springframework.web.servlet.DispatcherServlet] [] [] [] [FrameworkServlet.java,547,org.springframework.web.servlet.FrameworkServlet,initServletBean] [Completed initialization in 6 ms] ## ''
[2020-10-30T14:06:44.620+08:00] [INFO] [http-nio-8001-exec-1-28] [cn.sunwei1991.collector.web.IndexController] [sunweideMacBook-Pro.local] [192.168.5.180] [collector] [IndexController.java,21,cn.sunwei1991.collector.web.IndexController,index] [info日志] ## ''
[2020-10-30T14:06:44.621+08:00] [WARN] [http-nio-8001-exec-1-28] [cn.sunwei1991.collector.web.IndexController] [sunweideMacBook-Pro.local] [192.168.5.180] [collector] [IndexController.java,22,cn.sunwei1991.collector.web.IndexController,index] [warn日志] ## ''
[2020-10-30T14:06:44.621+08:00] [ERROR] [http-nio-8001-exec-1-28] [cn.sunwei1991.collector.web.IndexController] [sunweideMacBook-Pro.local] [192.168.5.180] [collector] [IndexController.java,23,cn.sunwei1991.collector.web.IndexController,index] [error日志] ## ''
[2020-10-30T14:06:49.927+08:00] [INFO] [SpringContextShutdownHook-40] [org.springframework.scheduling.concurrent.ThreadPoolTaskExecutor] [] [] [] [ExecutorConfigurationSupport.java,218,org.springframework.scheduling.concurrent.ExecutorConfigurationSupport,shutdown] [Shutting down ExecutorService 'applicationTaskExecutor'] ## ''
